[03:02:21] [ServerMain/INFO]: [bootstrap] Running Java 21 (OpenJDK 64-Bit Server VM 21.0.7+6-Ubuntu-0ubuntu120.04; Ubuntu null) on Linux 6.8.0-1027-azure (amd64)
[03:02:21] [ServerMain/INFO]: [bootstrap] Loading Paper 1.21.5-94-main@b70bca6 (2025-05-23T19:35:40Z) for Minecraft 1.21.5
[03:02:21] [ServerMain/INFO]: [PluginInitializerManager] Initializing plugins...
[03:02:21] [ServerMain/INFO]: [PluginInitializerManager] Initialized 0 plugins
[03:02:21] [Paper Plugin Remapper Thread - 1/INFO]: [ReobfServer] Remapping server...
[03:02:29] [ServerMain/INFO]: Environment: Environment[sessionHost=https://sessionserver.mojang.com, servicesHost=https://api.minecraftservices.com, name=PROD]
[03:02:29] [ServerMain/INFO]: Found new data pack file/bukkit, loading it automatically
[03:02:29] [ServerMain/INFO]: Found new data pack paper, loading it automatically
[03:02:30] [Paper Plugin Remapper Thread - 1/INFO]: [ReobfServer] Done remapping server in 8313ms.
[03:02:30] [ServerMain/INFO]: No existing world data, creating new world
[03:02:31] [ServerMain/INFO]: Loaded 1373 recipes
[03:02:31] [ServerMain/INFO]: Loaded 1484 advancements
[03:02:32] [Server thread/INFO]: Starting minecraft server version 1.21.5
[03:02:32] [Server thread/INFO]: Loading properties
[03:02:32] [Server thread/INFO]: This server is running Paper version 1.21.5-94-main@b70bca6 (2025-05-23T19:35:40Z) (Implementing API version 1.21.5-R0.1-SNAPSHOT)
[03:02:32] [Server thread/INFO]: [spark] This server bundles the spark profiler. For more information please visit https://docs.papermc.io/paper/profiling
[03:02:32] [Server thread/INFO]: Server Ping Player Sample Count: 12
[03:02:32] [Server thread/INFO]: Using 4 threads for Netty based IO
[03:02:32] [Server thread/INFO]: [MoonriseCommon] Paper is using 1 worker threads, 1 I/O threads
[03:02:32] [Server thread/INFO]: [ChunkTaskScheduler] Chunk system is using population gen parallelism: true
[03:02:33] [Server thread/INFO]: Default game type: SURVIVAL
[03:02:33] [Server thread/INFO]: Generating keypair
[03:02:33] [Server thread/INFO]: Starting Minecraft server on *:25565
[03:02:33] [Server thread/INFO]: Using epoll channel type
[03:02:33] [Server thread/INFO]: Paper: Using libdeflate (Linux x86_64) compression from Velocity.
[03:02:33] [Server thread/INFO]: Paper: Using OpenSSL 1.1.x (Linux x86_64) cipher from Velocity.
[03:02:33] [Server thread/WARN]: **** SERVER IS RUNNING IN OFFLINE/INSECURE MODE!
[03:02:33] [Server thread/WARN]: The server will make no attempt to authenticate usernames. Beware.
[03:02:33] [Server thread/WARN]: While this makes the game possible to play without internet access, it also opens up the ability for hackers to connect with any username they choose.
[03:02:33] [Server thread/WARN]: To change this, set "online-mode" to "true" in the server.properties file.
[03:02:33] [Server thread/INFO]: Preparing level "world"
[03:02:45] [Server thread/INFO]: Preparing start region for dimension minecraft:overworld
[03:02:45] [Server thread/INFO]: Preparing spawn area: 2%
[03:02:45] [Server thread/INFO]: Preparing spawn area: 2%
[03:02:46] [Server thread/INFO]: Preparing spawn area: 2%
[03:02:46] [Server thread/INFO]: Preparing spawn area: 2%
[03:02:47] [Server thread/INFO]: Preparing spawn area: 2%
[03:02:47] [Server thread/INFO]: Preparing spawn area: 4%
[03:02:48] [Server thread/INFO]: Preparing spawn area: 6%
[03:02:48] [Server thread/INFO]: Preparing spawn area: 6%
[03:02:49] [Server thread/INFO]: Preparing spawn area: 18%
[03:02:49] [Server thread/INFO]: Preparing spawn area: 18%
[03:02:50] [Server thread/INFO]: Preparing spawn area: 22%
[03:02:50] [Server thread/INFO]: Preparing spawn area: 32%
[03:02:51] [Server thread/INFO]: Preparing spawn area: 32%
[03:02:51] [Server thread/INFO]: Preparing spawn area: 42%
[03:02:52] [Server thread/INFO]: Preparing spawn area: 51%
[03:02:52] [Server thread/INFO]: Preparing spawn area: 51%
[03:02:53] [Server thread/INFO]: Preparing spawn area: 63%
[03:02:53] [Server thread/INFO]: Preparing spawn area: 65%
[03:02:54] [Server thread/INFO]: Time elapsed: 8760 ms
[03:02:54] [Server thread/INFO]: Preparing start region for dimension minecraft:the_nether
[03:02:54] [Server thread/INFO]: Preparing spawn area: 2%
[03:02:54] [Server thread/INFO]: Preparing spawn area: 2%
[03:02:55] [Server thread/INFO]: Preparing spawn area: 8%
[03:02:55] [Server thread/INFO]: Preparing spawn area: 36%
[03:02:56] [Server thread/INFO]: Preparing spawn area: 73%
[03:02:56] [Server thread/INFO]: Time elapsed: 2124 ms
[03:02:56] [Server thread/INFO]: Preparing start region for dimension minecraft:the_end
[03:02:56] [Server thread/INFO]: Preparing spawn area: 2%
[03:02:56] [Server thread/INFO]: Preparing spawn area: 55%
[03:02:56] [Server thread/INFO]: Time elapsed: 509 ms
[03:02:56] [Server thread/INFO]: [spark] Starting background profiler...
[03:02:57] [Server thread/INFO]: Done preparing level "world" (23.723s)
[03:02:57] [Server thread/INFO]: Running delayed init tasks
[03:02:57] [Server thread/INFO]: Done (36.658s)! For help, type "help"
[03:02:57] [Server thread/INFO]: *************************************************************************************
[03:02:57] [Server thread/INFO]: This is the first time you're starting this server.
[03:02:57] [Server thread/INFO]: It's recommended you read our 'Getting Started' documentation for guidance.
[03:02:57] [Server thread/INFO]: View this and more helpful information here: https://docs.papermc.io/paper/next-steps
[03:02:57] [Server thread/INFO]: *************************************************************************************
[03:07:52] [User Authenticator #0/INFO]: UUID of player Sam_mtzrss is dfcd9200-0591-34f3-ba71-cfcd08c66845
[03:07:55] [Server thread/INFO]: Sam_mtzrss joined the game
[03:07:55] [Server thread/INFO]: Sam_mtzrss[/127.181.102.249:50179] logged in with entity id 45 at ([world]-6.5, 67.0, 5.5)
[03:08:49] [Server thread/INFO]: Sam_mtzrss lost connection: Disconnected
[03:08:49] [Server thread/INFO]: Sam_mtzrss left the game
[03:09:33] [Server thread/INFO]: Stopping the server
[03:09:33] [Server thread/INFO]: Stopping server
[03:09:33] [Server thread/INFO]: Saving players
[03:09:33] [Server thread/INFO]: Saving worlds
[03:09:33] [Server thread/INFO]: Saving chunks for level 'ServerLevel[world]'/minecraft:overworld
[03:09:33] [Server thread/INFO]: [ChunkHolderManager] Waiting 60s for chunk system to halt for world 'world'
[03:09:33] [Server thread/INFO]: [ChunkHolderManager] Halted chunk system for world 'world'
[03:09:33] [Server thread/INFO]: [ChunkHolderManager] Saving all chunkholders for world 'world'
[03:09:35] [Server thread/INFO]: [ChunkHolderManager] Saved 824 block chunks, 546 entity chunks, 11 poi chunks in world 'world' in 1.78s
[03:09:35] [Server thread/INFO]: [ChunkHolderManager] Waiting 60s for chunk I/O to halt for world 'world'
[03:09:35] [Server thread/INFO]: [ChunkHolderManager] Halted I/O scheduler for world 'world'
[03:09:35] [Server thread/INFO]: Saving chunks for level 'ServerLevel[world_nether]'/minecraft:the_nether
[03:09:35] [Server thread/INFO]: [ChunkHolderManager] Waiting 60s for chunk system to halt for world 'world_nether'
[03:09:35] [Server thread/INFO]: [ChunkHolderManager] Halted chunk system for world 'world_nether'
[03:09:35] [Server thread/INFO]: [ChunkHolderManager] Saving all chunkholders for world 'world_nether'
[03:09:35] [Server thread/INFO]: [ChunkHolderManager] Saved 792 block chunks, 0 entity chunks, 0 poi chunks in world 'world_nether' in 0.31s
[03:09:35] [Server thread/INFO]: [ChunkHolderManager] Waiting 60s for chunk I/O to halt for world 'world_nether'
[03:09:35] [Server thread/INFO]: [ChunkHolderManager] Halted I/O scheduler for world 'world_nether'
[03:09:35] [Server thread/INFO]: Saving chunks for level 'ServerLevel[world_the_end]'/minecraft:the_end
[03:09:35] [Server thread/INFO]: [ChunkHolderManager] Waiting 60s for chunk system to halt for world 'world_the_end'
[03:09:35] [Server thread/INFO]: [ChunkHolderManager] Halted chunk system for world 'world_the_end'
[03:09:35] [Server thread/INFO]: [ChunkHolderManager] Saving all chunkholders for world 'world_the_end'
[03:09:36] [Server thread/INFO]: [ChunkHolderManager] Saved 792 block chunks, 10 entity chunks, 0 poi chunks in world 'world_the_end' in 0.27s
[03:09:36] [Server thread/INFO]: [ChunkHolderManager] Waiting 60s for chunk I/O to halt for world 'world_the_end'
[03:09:36] [Server thread/INFO]: [ChunkHolderManager] Halted I/O scheduler for world 'world_the_end'
[03:09:36] [Server thread/INFO]: ThreadedAnvilChunkStorage (world): All chunks are saved
[03:09:36] [Server thread/INFO]: ThreadedAnvilChunkStorage (DIM-1): All chunks are saved
[03:09:36] [Server thread/INFO]: ThreadedAnvilChunkStorage (DIM1): All chunks are saved
[03:09:36] [Server thread/INFO]: ThreadedAnvilChunkStorage: All dimensions are saved
[03:09:36] [Server thread/INFO]: Waiting for all RegionFile I/O tasks to complete...
[03:09:36] [Server thread/INFO]: All RegionFile I/O tasks to complete
[03:09:36] [Server thread/INFO]: [MoonriseCommon] Awaiting termination of worker pool for up to 60s...
[03:09:36] [Server thread/INFO]: [MoonriseCommon] Awaiting termination of I/O pool for up to 60s...
